Using pre-set license
Built from '2021.3/staging' branch; Version is '2021.3.11f1 (0a5ca18544bf) revision 679073'; Using compiler version '192829333'; Build Type 'Release'
OS: 'Windows 11  (10.0.22000) 64bit Core' Language: 'en' Physical Memory: 32636 MB
BatchMode: 1, IsHumanControllingUs: 0, StartBugReporterOnCrash: 0, Is64bit: 1, IsPro: 1

COMMAND LINE ARGUMENTS:
C:\Program Files\Unity\Hub\Editor\2021.3.11f1\Editor\Unity.exe
-adb2
-batchMode
-noUpm
-name
AssetImportWorker2
-projectPath
C:/Users/Brennan/AR_Framework
-logFile
Logs/AssetImportWorker2.log
-srvPort
56116
Successfully changed project path to: C:/Users/Brennan/AR_Framework
C:/Users/Brennan/AR_Framework
[UnityMemory] Configuration Parameters - Can be set up in boot.config
    "memorysetup-bucket-allocator-granularity=16"
    "memorysetup-bucket-allocator-bucket-count=8"
    "memorysetup-bucket-allocator-block-size=33554432"
    "memorysetup-bucket-allocator-block-count=8"
    "memorysetup-main-allocator-block-size=16777216"
    "memorysetup-thread-allocator-block-size=16777216"
    "memorysetup-gfx-main-allocator-block-size=16777216"
    "memorysetup-gfx-thread-allocator-block-size=16777216"
    "memorysetup-cache-allocator-block-size=4194304"
    "memorysetup-typetree-allocator-block-size=2097152"
    "memorysetup-profiler-bucket-allocator-granularity=16"
    "memorysetup-profiler-bucket-allocator-bucket-count=8"
    "memorysetup-profiler-bucket-allocator-block-size=33554432"
    "memorysetup-profiler-bucket-allocator-block-count=8"
    "memorysetup-profiler-allocator-block-size=16777216"
    "memorysetup-profiler-editor-allocator-block-size=1048576"
    "memorysetup-temp-allocator-size-main=16777216"
    "memorysetup-job-temp-allocator-block-size=2097152"
    "memorysetup-job-temp-allocator-block-size-background=1048576"
    "memorysetup-job-temp-allocator-reduction-small-platforms=262144"
    "memorysetup-temp-allocator-size-background-worker=32768"
    "memorysetup-temp-allocator-size-job-worker=262144"
    "memorysetup-temp-allocator-size-preload-manager=33554432"
    "memorysetup-temp-allocator-size-nav-mesh-worker=65536"
    "memorysetup-temp-allocator-size-audio-worker=65536"
    "memorysetup-temp-allocator-size-cloud-worker=32768"
    "memorysetup-temp-allocator-size-gi-baking-worker=262144"
    "memorysetup-temp-allocator-size-gfx=262144"
Refreshing native plugins compatible for Editor in 122.22 ms, found 6 plugins.
Preloading 2 native plugins for Editor in 3.44 ms.
Initialize engine version: 2021.3.11f1 (0a5ca18544bf)
[Subsystems] Discovering subsystems at path C:/Program Files/Unity/Hub/Editor/2021.3.11f1/Editor/Data/Resources/UnitySubsystems
[Subsystems] Discovering subsystems at path C:/Users/Brennan/AR_Framework/Assets
GfxDevice: creating device client; threaded=0; jobified=0
Direct3D:
    Version:  Direct3D 11.0 [level 11.1]
    Renderer: NVIDIA GeForce RTX 3080 Ti (ID=0x2208)
    Vendor:   NVIDIA
    VRAM:     12108 MB
    Driver:   31.0.15.1748
Initialize mono
Mono path[0] = 'C:/Program Files/Unity/Hub/Editor/2021.3.11f1/Editor/Data/Managed'
Mono path[1] = 'C:/Program Files/Unity/Hub/Editor/2021.3.11f1/Editor/Data/MonoBleedingEdge/lib/mono/unityjit-win32'
Mono config path = 'C:/Program Files/Unity/Hub/Editor/2021.3.11f1/Editor/Data/MonoBleedingEdge/etc'
Using monoOptions --debugger-agent=transport=dt_socket,embedding=1,server=y,suspend=n,address=127.0.0.1:56164
Begin MonoManager ReloadAssembly
Registering precompiled unity dll's ...
Register platform support module: C:/Program Files/Unity/Hub/Editor/2021.3.11f1/Editor/Data/PlaybackEngines/WebGLSupport/UnityEditor.WebGL.Extensions.dll
Register platform support module: C:/Program Files/Unity/Hub/Editor/2021.3.11f1/Editor/Data/PlaybackEngines/AndroidPlayer/UnityEditor.Android.Extensions.dll
Register platform support module: C:/Program Files/Unity/Hub/Editor/2021.3.11f1/Editor/Data/PlaybackEngines/WindowsStandaloneSupport/UnityEditor.WindowsStandalone.Extensions.dll
Registered in 0.005184 seconds.
Native extension for WindowsStandalone target not found
Native extension for Android target not found
Native extension for WebGL target not found
Refreshing native plugins compatible for Editor in 100.71 ms, found 6 plugins.
Preloading 2 native plugins for Editor in 0.19 ms.
Mono: successfully reloaded assembly
- Completed reload, in  0.984 seconds
Domain Reload Profiling:
	ReloadAssembly (985ms)
		BeginReloadAssembly (115ms)
			ExecutionOrderSort (0ms)
			DisableScriptedObjects (0ms)
			BackupInstance (0ms)
			ReleaseScriptingObjects (0ms)
			CreateAndSetChildDomain (1ms)
		EndReloadAssembly (649ms)
			LoadAssemblies (113ms)
			RebuildTransferFunctionScriptingTraits (0ms)
			SetupTypeCache (301ms)
			ReleaseScriptCaches (0ms)
			RebuildScriptCaches (27ms)
			SetupLoadedEditorAssemblies (279ms)
				LogAssemblyErrors (0ms)
				InitializePlatformSupportModulesInManaged (53ms)
				SetLoadedEditorAssemblies (0ms)
				RefreshPlugins (101ms)
				BeforeProcessingInitializeOnLoad (1ms)
				ProcessInitializeOnLoadAttributes (77ms)
				ProcessInitializeOnLoadMethodAttributes (47ms)
				AfterProcessingInitializeOnLoad (0ms)
				EditorAssembliesLoaded (0ms)
			ExecutionOrderSort2 (0ms)
			AwakeInstancesAfterBackupRestoration (0ms)
Platform modules already initialized, skipping
Registering precompiled user dll's ...
Registered in 0.011609 seconds.
Android Extension - Scanning For ADB Devices 4461 ms
Begin MonoManager ReloadAssembly
Symbol file data-0000025ACA974440 doesn't match image C:\Users\Brennan\AR_Framework\Library\ScriptAssemblies\Assembly-CSharp-Editor.dll
Symbol file LoadedFromMemory is not a mono symbol file
Symbol file LoadedFromMemory doesn't match image C:\Users\Brennan\AR_Framework\Library\PackageCache\com.unity.visualscripting@1.7.8\Editor\VisualScripting.Core\Dependencies\DotNetZip\Unity.VisualScripting.IonicZip.dll
Symbol file LoadedFromMemory doesn't match image C:\Users\Brennan\AR_Framework\Library\PackageCache\com.unity.visualscripting@1.7.8\Editor\VisualScripting.Core\Dependencies\YamlDotNet\Unity.VisualScripting.YamlDotNet.dll
Native extension for WindowsStandalone target not found
Native extension for Android target not found
Native extension for WebGL target not found
Refreshing native plugins compatible for Editor in 139.05 ms, found 6 plugins.
Preloading 2 native plugins for Editor in 0.14 ms.
Curl error 42: Callback aborted
DisplayProgressbar: Restoring NuGet Packages
Curl error 42: Callback aborted
Package Manager log level set to [2]
[Package Manager] Server::EnsureServerProcessIsRunning -- launch failed, reason: Unity was launched with the -noUpm command-line argument
[Package Manager] Cannot connect to Unity Package Manager local server
System.NullReferenceException: Object reference not set to an instance of an object
  at Vuforia.EditorClasses.ExtensionTypeProvider.GetVuforiaPackageAbsPath () [0x0004a] in <94027d582a674310a19cbc0223b86958>:0 
  at Vuforia.EditorClasses.ExtensionTypeProvider.IsPackageManager () [0x00000] in <94027d582a674310a19cbc0223b86958>:0 
  at Vuforia.EditorClasses.ExtensionTypeProvider.ResolvePluginType () [0x00009] in <94027d582a674310a19cbc0223b86958>:0 
  at Vuforia.EditorClasses.ExtensionTypeProvider.GetPluginType () [0x0000c] in <94027d582a674310a19cbc0223b86958>:0 
  at Vuforia.EditorClasses.VuforiaUtilities.IsVuforiaEnabledInPlayerSettings () [0x00000] in <94027d582a674310a19cbc0223b86958>:0 
  at VuforiaEnabledObserver..cctor () [0x00000] in <94027d582a674310a19cbc0223b86958>:0 
UnityEngine.StackTraceUtility:ExtractStackTrace ()
UnityEngine.DebugLogHandler:LogFormat (UnityEngine.LogType,UnityEngine.Object,string,object[])
UnityEngine.Logger:Log (UnityEngine.LogType,object)
UnityEngine.Debug:LogError (object)
UnityEditor.EditorAssemblies:ProcessInitializeOnLoadAttributes (System.Type[])

[Package Manager] Server::EnsureServerProcessIsRunning -- launch failed, reason: Unity was launched with the -noUpm command-line argument
[Package Manager] Cannot connect to Unity Package Manager local server
System.NullReferenceException: Object reference not set to an instance of an object
  at Vuforia.EditorClasses.ExtensionTypeProvider.GetVuforiaPackageAbsPath () [0x0004a] in <94027d582a674310a19cbc0223b86958>:0 
  at Vuforia.EditorClasses.ExtensionTypeProvider.IsPackageManager () [0x00000] in <94027d582a674310a19cbc0223b86958>:0 
  at Vuforia.EditorClasses.ExtensionTypeProvider.ResolvePluginType () [0x00009] in <94027d582a674310a19cbc0223b86958>:0 
  at Vuforia.EditorClasses.ExtensionTypeProvider.GetPluginType () [0x0000c] in <94027d582a674310a19cbc0223b86958>:0 
  at Vuforia.EditorClasses.VuforiaUtilities.IsVuforiaEnabledInPlayerSettings () [0x00000] in <94027d582a674310a19cbc0223b86958>:0 
  at Vuforia.EditorClasses.InitializeOnLoadVuforiaTaskRunner..cctor () [0x00015] in <94027d582a674310a19cbc0223b86958>:0 
UnityEngine.StackTraceUtility:ExtractStackTrace ()
UnityEngine.DebugLogHandler:LogFormat (UnityEngine.LogType,UnityEngine.Object,string,object[])
UnityEngine.Logger:Log (UnityEngine.LogType,object)
UnityEngine.Debug:LogError (object)
UnityEditor.EditorAssemblies:ProcessInitializeOnLoadAttributes (System.Type[])

Could not load the file 'System.Runtime.CompilerServices.Unsafe'.
UnityEngine.StackTraceUtility:ExtractStackTrace ()
UnityEngine.DebugLogHandler:LogFormat (UnityEngine.LogType,UnityEngine.Object,string,object[])
UnityEngine.Logger:Log (UnityEngine.LogType,object)
UnityEngine.Debug:LogWarning (object)
Unity.VisualScripting.Codebase:IsEditorAssembly (System.Reflection.Assembly,System.Collections.Generic.HashSet`1<string>) (at Library/PackageCache/com.unity.visualscripting@1.7.8/Editor/VisualScripting.Core/Reflection/Codebase.cs:370)
Unity.VisualScripting.Codebase:IsEditorAssembly (System.Reflection.Assembly,System.Collections.Generic.HashSet`1<string>) (at Library/PackageCache/com.unity.visualscripting@1.7.8/Editor/VisualScripting.Core/Reflection/Codebase.cs:362)
Unity.VisualScripting.Codebase:IsRuntimeAssembly (System.Reflection.Assembly) (at Library/PackageCache/com.unity.visualscripting@1.7.8/Editor/VisualScripting.Core/Reflection/Codebase.cs:391)
Unity.VisualScripting.Codebase:.cctor () (at Library/PackageCache/com.unity.visualscripting@1.7.8/Editor/VisualScripting.Core/Reflection/Codebase.cs:46)
Unity.VisualScripting.PluginContainer:Initialize () (at Library/PackageCache/com.unity.visualscripting@1.7.8/Editor/VisualScripting.Core/Plugins/PluginContainer.cs:86)
Unity.VisualScripting.PluginContainer:InitializeOnLoad () (at Library/PackageCache/com.unity.visualscripting@1.7.8/Editor/VisualScripting.Core/Plugins/PluginContainer.cs:32)
Unity.VisualScripting.VSUsageUtility:DoInitializeOnLoadCalls () (at Library/PackageCache/com.unity.visualscripting@1.7.8/Editor/VisualScripting.Core/Utilities/VSUsageUtility.cs:76)
Unity.VisualScripting.VSUsageUtility:set_isVisualScriptingUsed (bool) (at Library/PackageCache/com.unity.visualscripting@1.7.8/Editor/VisualScripting.Core/Utilities/VSUsageUtility.cs:114)
Unity.VisualScripting.VSUsageUtility:CheckAndSetIsVisualScriptingUsed () (at Library/PackageCache/com.unity.visualscripting@1.7.8/Editor/VisualScripting.Core/Utilities/VSUsageUtility.cs:48)
Unity.VisualScripting.VSUsageUtility:.cctor () (at Library/PackageCache/com.unity.visualscripting@1.7.8/Editor/VisualScripting.Core/Utilities/VSUsageUtility.cs:22)
System.Runtime.CompilerServices.RuntimeHelpers:RunClassConstructor (System.RuntimeTypeHandle)
UnityEditor.EditorAssemblies:ProcessInitializeOnLoadAttributes (System.Type[])

(Filename: Library/PackageCache/com.unity.visualscripting@1.7.8/Editor/VisualScripting.Core/Reflection/Codebase.cs Line: 370)

Could not load the file 'System.Runtime.CompilerServices.Unsafe'.
UnityEngine.StackTraceUtility:ExtractStackTrace ()
UnityEngine.DebugLogHandler:LogFormat (UnityEngine.LogType,UnityEngine.Object,string,object[])
UnityEngine.Logger:Log (UnityEngine.LogType,object)
UnityEngine.Debug:LogWarning (object)
Unity.VisualScripting.Codebase:IsEditorAssembly (System.Reflection.Assembly,System.Collections.Generic.HashSet`1<string>) (at Library/PackageCache/com.unity.visualscripting@1.7.8/Editor/VisualScripting.Core/Reflection/Codebase.cs:370)
Unity.VisualScripting.Codebase:IsEditorAssembly (System.Reflection.Assembly,System.Collections.Generic.HashSet`1<string>) (at Library/PackageCache/com.unity.visualscripting@1.7.8/Editor/VisualScripting.Core/Reflection/Codebase.cs:362)
Unity.VisualScripting.Codebase:IsRuntimeAssembly (System.Reflection.Assembly) (at Library/PackageCache/com.unity.visualscripting@1.7.8/Editor/VisualScripting.Core/Reflection/Codebase.cs:391)
Unity.VisualScripting.Codebase:.cctor () (at Library/PackageCache/com.unity.visualscripting@1.7.8/Editor/VisualScripting.Core/Reflection/Codebase.cs:46)
Unity.VisualScripting.PluginContainer:Initialize () (at Library/PackageCache/com.unity.visualscripting@1.7.8/Editor/VisualScripting.Core/Plugins/PluginContainer.cs:86)
Unity.VisualScripting.PluginContainer:InitializeOnLoad () (at Library/PackageCache/com.unity.visualscripting@1.7.8/Editor/VisualScripting.Core/Plugins/PluginContainer.cs:32)
Unity.VisualScripting.VSUsageUtility:DoInitializeOnLoadCalls () (at Library/PackageCache/com.unity.visualscripting@1.7.8/Editor/VisualScripting.Core/Utilities/VSUsageUtility.cs:76)
Unity.VisualScripting.VSUsageUtility:set_isVisualScriptingUsed (bool) (at Library/PackageCache/com.unity.visualscripting@1.7.8/Editor/VisualScripting.Core/Utilities/VSUsageUtility.cs:114)
Unity.VisualScripting.VSUsageUtility:CheckAndSetIsVisualScriptingUsed () (at Library/PackageCache/com.unity.visualscripting@1.7.8/Editor/VisualScripting.Core/Utilities/VSUsageUtility.cs:48)
Unity.VisualScripting.VSUsageUtility:.cctor () (at Library/PackageCache/com.unity.visualscripting@1.7.8/Editor/VisualScripting.Core/Utilities/VSUsageUtility.cs:22)
System.Runtime.CompilerServices.RuntimeHelpers:RunClassConstructor (System.RuntimeTypeHandle)
UnityEditor.EditorAssemblies:ProcessInitializeOnLoadAttributes (System.Type[])

(Filename: Library/PackageCache/com.unity.visualscripting@1.7.8/Editor/VisualScripting.Core/Reflection/Codebase.cs Line: 370)

Could not load the file 'System.Runtime.CompilerServices.Unsafe'.
UnityEngine.StackTraceUtility:ExtractStackTrace ()
UnityEngine.DebugLogHandler:LogFormat (UnityEngine.LogType,UnityEngine.Object,string,object[])
UnityEngine.Logger:Log (UnityEngine.LogType,object)
UnityEngine.Debug:LogWarning (object)
Unity.VisualScripting.Codebase:IsEditorAssembly (System.Reflection.Assembly,System.Collections.Generic.HashSet`1<string>) (at Library/PackageCache/com.unity.visualscripting@1.7.8/Editor/VisualScripting.Core/Reflection/Codebase.cs:370)
Unity.VisualScripting.Codebase:IsRuntimeAssembly (System.Reflection.Assembly) (at Library/PackageCache/com.unity.visualscripting@1.7.8/Editor/VisualScripting.Core/Reflection/Codebase.cs:391)
Unity.VisualScripting.Codebase:.cctor () (at Library/PackageCache/com.unity.visualscripting@1.7.8/Editor/VisualScripting.Core/Reflection/Codebase.cs:46)
Unity.VisualScripting.PluginContainer:Initialize () (at Library/PackageCache/com.unity.visualscripting@1.7.8/Editor/VisualScripting.Core/Plugins/PluginContainer.cs:86)
Unity.VisualScripting.PluginContainer:InitializeOnLoad () (at Library/PackageCache/com.unity.visualscripting@1.7.8/Editor/VisualScripting.Core/Plugins/PluginContainer.cs:32)
Unity.VisualScripting.VSUsageUtility:DoInitializeOnLoadCalls () (at Library/PackageCache/com.unity.visualscripting@1.7.8/Editor/VisualScripting.Core/Utilities/VSUsageUtility.cs:76)
Unity.VisualScripting.VSUsageUtility:set_isVisualScriptingUsed (bool) (at Library/PackageCache/com.unity.visualscripting@1.7.8/Editor/VisualScripting.Core/Utilities/VSUsageUtility.cs:114)
Unity.VisualScripting.VSUsageUtility:CheckAndSetIsVisualScriptingUsed () (at Library/PackageCache/com.unity.visualscripting@1.7.8/Editor/VisualScripting.Core/Utilities/VSUsageUtility.cs:48)
Unity.VisualScripting.VSUsageUtility:.cctor () (at Library/PackageCache/com.unity.visualscripting@1.7.8/Editor/VisualScripting.Core/Utilities/VSUsageUtility.cs:22)
System.Runtime.CompilerServices.RuntimeHelpers:RunClassConstructor (System.RuntimeTypeHandle)
UnityEditor.EditorAssemblies:ProcessInitializeOnLoadAttributes (System.Type[])

(Filename: Library/PackageCache/com.unity.visualscripting@1.7.8/Editor/VisualScripting.Core/Reflection/Codebase.cs Line: 370)

System.Exception: Error! Visual Scripting: couldn't find visual scripting package
  at Unity.VisualScripting.PackageVersionUtility.get_version () [0x00043] in C:\Users\Brennan\AR_Framework\Library\PackageCache\com.unity.visualscripting@1.7.8\Editor\VisualScripting.Core\Utilities\PackageVersionUtility.cs:31 
  at Unity.VisualScripting.BoltCoreManifest.get_version () [0x00000] in C:\Users\Brennan\AR_Framework\Library\PackageCache\com.unity.visualscripting@1.7.8\Editor\VisualScripting.Core\Plugin\BoltCoreManifest.cs:11 
  at Unity.VisualScripting.PluginManifest.get_currentVersion () [0x00000] in C:\Users\Brennan\AR_Framework\Library\PackageCache\com.unity.visualscripting@1.7.8\Editor\VisualScripting.Core\Plugins\PluginManifest.cs:33 
  at Unity.VisualScripting.PluginManifest.get_versionMismatch () [0x00000] in C:\Users\Brennan\AR_Framework\Library\PackageCache\com.unity.visualscripting@1.7.8\Editor\VisualScripting.Core\Plugins\PluginManifest.cs:48 
  at Unity.VisualScripting.PluginContainer.Initialize () [0x00525] in C:\Users\Brennan\AR_Framework\Library\PackageCache\com.unity.visualscripting@1.7.8\Editor\VisualScripting.Core\Plugins\PluginContainer.cs:208 
  at Unity.VisualScripting.PluginContainer.InitializeOnLoad () [0x00009] in C:\Users\Brennan\AR_Framework\Library\PackageCache\com.unity.visualscripting@1.7.8\Editor\VisualScripting.Core\Plugins\PluginContainer.cs:32 
  at Unity.VisualScripting.VSUsageUtility.DoInitializeOnLoadCalls () [0x00034] in C:\Users\Brennan\AR_Framework\Library\PackageCache\com.unity.visualscripting@1.7.8\Editor\VisualScripting.Core\Utilities\VSUsageUtility.cs:76 
  at Unity.VisualScripting.VSUsageUtility.set_isVisualScriptingUsed (System.Boolean value) [0x0002c] in C:\Users\Brennan\AR_Framework\Library\PackageCache\com.unity.visualscripting@1.7.8\Editor\VisualScripting.Core\Utilities\VSUsageUtility.cs:114 
  at Unity.VisualScripting.VSUsageUtility.CheckAndSetIsVisualScriptingUsed () [0x00032] in C:\Users\Brennan\AR_Framework\Library\PackageCache\com.unity.visualscripting@1.7.8\Editor\VisualScripting.Core\Utilities\VSUsageUtility.cs:48 
  at Unity.VisualScripting.VSUsageUtility..cctor () [0x00000] in C:\Users\Brennan\AR_Framework\Library\PackageCache\com.unity.visualscripting@1.7.8\Editor\VisualScripting.Core\Utilities\VSUsageUtility.cs:22 
UnityEngine.StackTraceUtility:ExtractStackTrace ()
UnityEngine.DebugLogHandler:LogFormat (UnityEngine.LogType,UnityEngine.Object,string,object[])
UnityEngine.Logger:Log (UnityEngine.LogType,object)
UnityEngine.Debug:LogError (object)
UnityEditor.EditorAssemblies:ProcessInitializeOnLoadAttributes (System.Type[])

Mono: successfully reloaded assembly
- Completed reload, in  4.204 seconds
Domain Reload Profiling:
	ReloadAssembly (4205ms)
		BeginReloadAssembly (133ms)
			ExecutionOrderSort (0ms)
			DisableScriptedObjects (7ms)
			BackupInstance (0ms)
			ReleaseScriptingObjects (0ms)
			CreateAndSetChildDomain (29ms)
		EndReloadAssembly (3954ms)
			LoadAssemblies (136ms)
			RebuildTransferFunctionScriptingTraits (0ms)
			SetupTypeCache (296ms)
			ReleaseScriptCaches (1ms)
			RebuildScriptCaches (57ms)
			SetupLoadedEditorAssemblies (3430ms)
				LogAssemblyErrors (0ms)
				InitializePlatformSupportModulesInManaged (11ms)
				SetLoadedEditorAssemblies (0ms)
				RefreshPlugins (139ms)
				BeforeProcessingInitializeOnLoad (101ms)
				ProcessInitializeOnLoadAttributes (3095ms)
				ProcessInitializeOnLoadMethodAttributes (79ms)
				AfterProcessingInitializeOnLoad (5ms)
				EditorAssembliesLoaded (0ms)
			ExecutionOrderSort2 (0ms)
			AwakeInstancesAfterBackupRestoration (7ms)
Platform modules already initialized, skipping
========================================================================
Worker process is ready to serve import requests
Launched and connected shader compiler UnityShaderCompiler.exe after 0.08 seconds
Refreshing native plugins compatible for Editor in 0.88 ms, found 6 plugins.
Preloading 2 native plugins for Editor in 0.08 ms.
Unloading 6096 Unused Serialized files (Serialized files now loaded: 0)
Unloading 77 unused Assets / (476.7 KB). Loaded Objects now: 6892.
Memory consumption went from 247.4 MB to 246.9 MB.
Total: 11.407600 ms (FindLiveObjects: 0.400600 ms CreateObjectMapping: 0.274200 ms MarkObjects: 10.410100 ms  DeleteObjects: 0.321900 ms)

AssetImportParameters requested are different than current active one (requested -> active):
  custom:video-decoder-ogg-theora: a1e56fd34408186e4bbccfd4996cb3dc -> 
  custom:container-muxer-webm: aa71ff27fc2769a1b78a27578f13a17b -> 
  custom:container-demuxer-webm: 4f35f7cbe854078d1ac9338744f61a02 -> 
  custom:video-encoder-webm-vp8: eb34c28f22e8b96e1ab97ce403110664 -> 
  custom:audio-encoder-webm-vorbis: bf7c407c2cedff20999df2af8eb42d56 -> 
  custom:framework-win-MediaFoundation: 216162199b28c13a410421893ffa2e32 -> 
  custom:container-demuxer-ogg: 62fdf1f143b41e24485cea50d1cbac27 -> 
  custom:video-decoder-webm-vp8: 9c59270c3fd7afecdb556c50c9e8de78 -> 
  custom:audio-decoder-ogg-vorbis: bf7c407c2cedff20999df2af8eb42d56 -> 
========================================================================
Received Import Request.
  Time since last request: 41681.494193 seconds.
  path: Assets/Icons/Assets
  artifactKey: Guid(67bb46dfd509932429fc985052104b72) Importer(815301076,1909f56bfc062723c751e8b465ee728b)
Start importing Assets/Icons/Assets using Guid(67bb46dfd509932429fc985052104b72) Importer(815301076,1909f56bfc062723c751e8b465ee728b)  -> (artifact id: 'f9c4461b7df552bf65737c8d0b61e8ab') in 0.011661 seconds 
========================================================================
Received Import Request.
  Time since last request: 0.540110 seconds.
  path: Assets/Icons/Assets/Common
  artifactKey: Guid(08bc3a7cd3a665746ac6b1660651d1c3) Importer(815301076,1909f56bfc062723c751e8b465ee728b)
Start importing Assets/Icons/Assets/Common using Guid(08bc3a7cd3a665746ac6b1660651d1c3) Importer(815301076,1909f56bfc062723c751e8b465ee728b)  -> (artifact id: '59baa6cc16fa46057ecdb90f8bfd838d') in 0.005061 seconds 
========================================================================
Received Import Request.
  Time since last request: 0.434509 seconds.
  path: Assets/Icons/Assets/Common/Images
  artifactKey: Guid(015193af934219c4b9d0672ea5f9358c) Importer(815301076,1909f56bfc062723c751e8b465ee728b)
Start importing Assets/Icons/Assets/Common/Images using Guid(015193af934219c4b9d0672ea5f9358c) Importer(815301076,1909f56bfc062723c751e8b465ee728b)  -> (artifact id: '6c4176ded2dc4b53502ab513d45e8f10') in 0.004764 seconds 
========================================================================
Received Import Request.
  Time since last request: 0.557536 seconds.
  path: Assets/Icons/Assets/Common/Images/Heathen Corporate
  artifactKey: Guid(c3fbf0e372e03ae45b3c75c534a5a80c) Importer(815301076,1909f56bfc062723c751e8b465ee728b)
Start importing Assets/Icons/Assets/Common/Images/Heathen Corporate using Guid(c3fbf0e372e03ae45b3c75c534a5a80c) Importer(815301076,1909f56bfc062723c751e8b465ee728b)  -> (artifact id: 'a746c59a0cf99b87e6c202b200a4c2bf') in 0.004994 seconds 
========================================================================
Received Import Request.
  Time since last request: 0.013767 seconds.
  path: Assets/Icons/Assets/Common/Images/Heathen Corporate/Heathen Logo 2019.png
  artifactKey: Guid(9a5dc521372f65d47aa5077047bd5606) Importer(815301076,1909f56bfc062723c751e8b465ee728b)
Start importing Assets/Icons/Assets/Common/Images/Heathen Corporate/Heathen Logo 2019.png using Guid(9a5dc521372f65d47aa5077047bd5606) Importer(815301076,1909f56bfc062723c751e8b465ee728b)  -> (artifact id: 'e57915243ce0e7b9a84bc9a05f1c5e14') in 0.113823 seconds 
========================================================================
Received Import Request.
  Time since last request: 3.061692 seconds.
  path: Assets/Icons/Assets/UX
  artifactKey: Guid(847642ab4c6075d4d934ce75df517885) Importer(815301076,1909f56bfc062723c751e8b465ee728b)
Start importing Assets/Icons/Assets/UX using Guid(847642ab4c6075d4d934ce75df517885) Importer(815301076,1909f56bfc062723c751e8b465ee728b)  -> (artifact id: 'fee2b1b7182c1d5db241789c38395110') in 0.005057 seconds 
========================================================================
Received Import Request.
  Time since last request: 0.059952 seconds.
  path: Assets/Icons/Assets/UX/HeathenEngineering.UX.asmdef
  artifactKey: Guid(f5702ca0318eb1942af8daf18131f44d) Importer(815301076,1909f56bfc062723c751e8b465ee728b)
Start importing Assets/Icons/Assets/UX/HeathenEngineering.UX.asmdef using Guid(f5702ca0318eb1942af8daf18131f44d) Importer(815301076,1909f56bfc062723c751e8b465ee728b)  -> (artifact id: 'f715480f8f1915cf57c03e7fee59de68') in 0.008784 seconds 
========================================================================
Received Import Request.
  Time since last request: 0.434921 seconds.
  path: Assets/Icons/Assets/UX/Icons
  artifactKey: Guid(00431337d21e1ff4f80d7e6f0761c4ee) Importer(815301076,1909f56bfc062723c751e8b465ee728b)
Start importing Assets/Icons/Assets/UX/Icons using Guid(00431337d21e1ff4f80d7e6f0761c4ee) Importer(815301076,1909f56bfc062723c751e8b465ee728b)  -> (artifact id: '0ed664d19f8a03b3230276a7ba0945f8') in 0.001794 seconds 
========================================================================
Received Import Request.
  Time since last request: 0.532900 seconds.
  path: Assets/Icons/Assets/UX/Icons/Flat Icons [Free]
  artifactKey: Guid(15e6763d3d1ad8046889af0be1224f8e) Importer(815301076,1909f56bfc062723c751e8b465ee728b)
Start importing Assets/Icons/Assets/UX/Icons/Flat Icons [Free] using Guid(15e6763d3d1ad8046889af0be1224f8e) Importer(815301076,1909f56bfc062723c751e8b465ee728b)  -> (artifact id: '784195e75c825e46705fb6267280df0f') in 0.004968 seconds 
========================================================================
Received Import Request.
  Time since last request: 0.047715 seconds.
  path: Assets/Icons/Assets/UX/Icons/Flat Icons [Free]/Free Flat Arrow 1 E Icon.png
  artifactKey: Guid(b0b13fccedbbc0243acde6180912a042) Importer(815301076,1909f56bfc062723c751e8b465ee728b)
Start importing Assets/Icons/Assets/UX/Icons/Flat Icons [Free]/Free Flat Arrow 1 E Icon.png using Guid(b0b13fccedbbc0243acde6180912a042) Importer(815301076,1909f56bfc062723c751e8b465ee728b)  -> (artifact id: 'fbe682bf0dea8e8531e78a702be7469e') in 0.067257 seconds 
========================================================================
Received Import Request.
  Time since last request: 0.000020 seconds.
  path: Assets/Icons/Assets/UX/Icons/Flat Icons [Free]/Free Flat Battery Smooth 1 Icon.png
  artifactKey: Guid(897fca193fcbd464caf717391a549ca4) Importer(815301076,1909f56bfc062723c751e8b465ee728b)
Start importing Assets/Icons/Assets/UX/Icons/Flat Icons [Free]/Free Flat Battery Smooth 1 Icon.png using Guid(897fca193fcbd464caf717391a549ca4) Importer(815301076,1909f56bfc062723c751e8b465ee728b)  -> (artifact id: 'eb5edb0f454e7cb593a3b0e9c49a1846') in 0.020431 seconds 
========================================================================
Received Import Request.
  Time since last request: 0.000032 seconds.
  path: Assets/Icons/Assets/UX/Icons/Flat Icons [Free]/Free Flat Arrow 5 W Icon.png
  artifactKey: Guid(323bd73710daae84dbc6117dacc5c496) Importer(815301076,1909f56bfc062723c751e8b465ee728b)
Start importing Assets/Icons/Assets/UX/Icons/Flat Icons [Free]/Free Flat Arrow 5 W Icon.png using Guid(323bd73710daae84dbc6117dacc5c496) Importer(815301076,1909f56bfc062723c751e8b465ee728b)  -> (artifact id: 'c22a43ed8c38e7dcfbc534c802f810bf') in 0.019560 seconds 
========================================================================
Received Import Request.
  Time since last request: 0.000021 seconds.
  path: Assets/Icons/Assets/UX/Icons/Flat Icons [Free]/Free Flat Arrow 6 S Icon.png
  artifactKey: Guid(6b7fcd744b6435c42a82416b73b99e5e) Importer(815301076,1909f56bfc062723c751e8b465ee728b)
Start importing Assets/Icons/Assets/UX/Icons/Flat Icons [Free]/Free Flat Arrow 6 S Icon.png using Guid(6b7fcd744b6435c42a82416b73b99e5e) Importer(815301076,1909f56bfc062723c751e8b465ee728b)  -> (artifact id: 'f1e39cb0b5eea400df2328b4f8ee583b') in 0.016959 seconds 
========================================================================
Received Import Request.
  Time since last request: 0.000036 seconds.
  path: Assets/Icons/Assets/UX/Icons/Flat Icons [Free]/Free Flat Battery No Dash Icon.png
  artifactKey: Guid(ba2f65608a2209040afff27eab9cece5) Importer(815301076,1909f56bfc062723c751e8b465ee728b)
Start importing Assets/Icons/Assets/UX/Icons/Flat Icons [Free]/Free Flat Battery No Dash Icon.png using Guid(ba2f65608a2209040afff27eab9cece5) Importer(815301076,1909f56bfc062723c751e8b465ee728b)  -> (artifact id: '50dd8f8a0e71d3ece0e5f4a24e5ff716') in 0.019198 seconds 
========================================================================
Received Import Request.
  Time since last request: 0.000030 seconds.
  path: Assets/Icons/Assets/UX/Icons/Flat Icons [Free]/Free Flat Battery Tick 4 Icon.png
  artifactKey: Guid(babc4a27f003ee94a9d37f5a7d24b3d5) Importer(815301076,1909f56bfc062723c751e8b465ee728b)
Start importing Assets/Icons/Assets/UX/Icons/Flat Icons [Free]/Free Flat Battery Tick 4 Icon.png using Guid(babc4a27f003ee94a9d37f5a7d24b3d5) Importer(815301076,1909f56bfc062723c751e8b465ee728b)  -> (artifact id: 'b759d98f1deb9afb0b49b75dfc9524d9') in 0.018006 seconds 
========================================================================
Received Import Request.
  Time since last request: 0.000022 seconds.
  path: Assets/Icons/Assets/UX/Icons/Flat Icons [Free]/Free Flat Battery Tick 2 Icon.png
  artifactKey: Guid(df49e60286e084549bba8d9bebf38b42) Importer(815301076,1909f56bfc062723c751e8b465ee728b)
Start importing Assets/Icons/Assets/UX/Icons/Flat Icons [Free]/Free Flat Battery Tick 2 Icon.png using Guid(df49e60286e084549bba8d9bebf38b42) Importer(815301076,1909f56bfc062723c751e8b465ee728b)  -> (artifact id: '87b2c178152a167a9a2083958863dad1') in 0.018462 seconds 
========================================================================
Received Import Request.
  Time since last request: 0.000021 seconds.
  path: Assets/Icons/Assets/UX/Icons/Flat Icons [Free]/Free Flat Battery Tick Fill Icon.png
  artifactKey: Guid(3e0d213ff767ce743b60fb3316413774) Importer(815301076,1909f56bfc062723c751e8b465ee728b)
Start importing Assets/Icons/Assets/UX/Icons/Flat Icons [Free]/Free Flat Battery Tick Fill Icon.png using Guid(3e0d213ff767ce743b60fb3316413774) Importer(815301076,1909f56bfc062723c751e8b465ee728b)  -> (artifact id: 'ce8b10afd800c1cf14d6499db9ef923f') in 0.023565 seconds 
========================================================================
Received Import Request.
  Time since last request: 0.000024 seconds.
  path: Assets/Icons/Assets/UX/Icons/Flat Icons [Free]/Free Flat Arrow 5 S Icon.png
  artifactKey: Guid(d6335867c9dc6514aacb877716335be6) Importer(815301076,1909f56bfc062723c751e8b465ee728b)
Start importing Assets/Icons/Assets/UX/Icons/Flat Icons [Free]/Free Flat Arrow 5 S Icon.png using Guid(d6335867c9dc6514aacb877716335be6) Importer(815301076,1909f56bfc062723c751e8b465ee728b)  -> (artifact id: '2586af3d64da00443f8afbb067857c35') in 0.024532 seconds 
========================================================================
Received Import Request.
  Time since last request: 0.000030 seconds.
  path: Assets/Icons/Assets/UX/Icons/Flat Icons [Free]/Free Flat Arrow 5 NE Icon.png
  artifactKey: Guid(8f76f869ee326b343a73aae09f60ed73) Importer(815301076,1909f56bfc062723c751e8b465ee728b)
Start importing Assets/Icons/Assets/UX/Icons/Flat Icons [Free]/Free Flat Arrow 5 NE Icon.png using Guid(8f76f869ee326b343a73aae09f60ed73) Importer(815301076,1909f56bfc062723c751e8b465ee728b)  -> (artifact id: 'add6d718ed07df8ba1aa58540cda93f9') in 0.018203 seconds 
========================================================================
Received Import Request.
  Time since last request: 0.000034 seconds.
  path: Assets/Icons/Assets/UX/Icons/Flat Icons [Free]/Free Flat Arrow Curved Left 1 Icon.png
  artifactKey: Guid(1e08dbd0de1d24b4fa9ac49c8b10c0fe) Importer(815301076,1909f56bfc062723c751e8b465ee728b)
Start importing Assets/Icons/Assets/UX/Icons/Flat Icons [Free]/Free Flat Arrow Curved Left 1 Icon.png using Guid(1e08dbd0de1d24b4fa9ac49c8b10c0fe) Importer(815301076,1909f56bfc062723c751e8b465ee728b)  -> (artifact id: 'dbbcf803449d4d9475a261e6584a6cbd') in 0.017900 seconds 
========================================================================
Received Import Request.
  Time since last request: 0.000022 seconds.
  path: Assets/Icons/Assets/UX/Icons/Flat Icons [Free]/Free Flat Arrow 5 NW Icon.png
  artifactKey: Guid(fd91c57f9d8f2a3439b5b42ac9bda3c8) Importer(815301076,1909f56bfc062723c751e8b465ee728b)
Start importing Assets/Icons/Assets/UX/Icons/Flat Icons [Free]/Free Flat Arrow 5 NW Icon.png using Guid(fd91c57f9d8f2a3439b5b42ac9bda3c8) Importer(815301076,1909f56bfc062723c751e8b465ee728b)  -> (artifact id: '4a7ec22778a00c52547303da6bd561ae') in 0.018283 seconds 
========================================================================
Received Import Request.
  Time since last request: 0.000027 seconds.
  path: Assets/Icons/Assets/UX/Icons/Flat Icons [Free]/Free Flat Battery No Dashless Icon.png
  artifactKey: Guid(6a6898f5f34b5154aa1b3d44f98bc92b) Importer(815301076,1909f56bfc062723c751e8b465ee728b)
Start importing Assets/Icons/Assets/UX/Icons/Flat Icons [Free]/Free Flat Battery No Dashless Icon.png using Guid(6a6898f5f34b5154aa1b3d44f98bc92b) Importer(815301076,1909f56bfc062723c751e8b465ee728b)  -> (artifact id: '0717c22ac8e98e7d6bc254e4588f4845') in 0.019325 seconds 
========================================================================
Received Import Request.
  Time since last request: 0.000034 seconds.
  path: Assets/Icons/Assets/UX/Icons/Flat Icons [Free]/Free Flat Battery Empty Icon.png
  artifactKey: Guid(52ef2ea9601187e4c9fd3db7dd7027f3) Importer(815301076,1909f56bfc062723c751e8b465ee728b)
Start importing Assets/Icons/Assets/UX/Icons/Flat Icons [Free]/Free Flat Battery Empty Icon.png using Guid(52ef2ea9601187e4c9fd3db7dd7027f3) Importer(815301076,1909f56bfc062723c751e8b465ee728b)  -> (artifact id: 'a10484ee05fb066bb542677af1db0e64') in 0.017524 seconds 
========================================================================
Received Import Request.
  Time since last request: 0.000031 seconds.
  path: Assets/Icons/Assets/UX/Icons/Flat Icons [Free]/Free Flat Arrow 6 SW Icon.png
  artifactKey: Guid(122305796e017fb4ea7f820bb04db8c1) Importer(815301076,1909f56bfc062723c751e8b465ee728b)
Start importing Assets/Icons/Assets/UX/Icons/Flat Icons [Free]/Free Flat Arrow 6 SW Icon.png using Guid(122305796e017fb4ea7f820bb04db8c1) Importer(815301076,1909f56bfc062723c751e8b465ee728b)  -> (artifact id: '2abc110990c7bdd13fa3ed1583e5e05b') in 0.017338 seconds 
========================================================================
Received Import Request.
  Time since last request: 0.000024 seconds.
  path: Assets/Icons/Assets/UX/Icons/Flat Icons [Free]/Free Flat Battery No Icon.png
  artifactKey: Guid(d52aaa3c2c8f6554ca1c329a5a1dbcd8) Importer(815301076,1909f56bfc062723c751e8b465ee728b)
Start importing Assets/Icons/Assets/UX/Icons/Flat Icons [Free]/Free Flat Battery No Icon.png using Guid(d52aaa3c2c8f6554ca1c329a5a1dbcd8) Importer(815301076,1909f56bfc062723c751e8b465ee728b)  -> (artifact id: '63c5c0dda4a5ba09887fb763dc14b657') in 0.018760 seconds 
========================================================================
Received Import Request.
  Time since last request: 0.000021 seconds.
  path: Assets/Icons/Assets/UX/Icons/Flat Icons [Free]/Free Flat Arrow 4 E Icon.png
  artifactKey: Guid(c3c804cbbfd6a8a4c8e930a1817c8780) Importer(815301076,1909f56bfc062723c751e8b465ee728b)
Start importing Assets/Icons/Assets/UX/Icons/Flat Icons [Free]/Free Flat Arrow 4 E Icon.png using Guid(c3c804cbbfd6a8a4c8e930a1817c8780) Importer(815301076,1909f56bfc062723c751e8b465ee728b)  -> (artifact id: '1c23c50f447d5c38c96df65cd4412bbd') in 0.022102 seconds 
========================================================================
Received Import Request.
  Time since last request: 0.000033 seconds.
  path: Assets/Icons/Assets/UX/Icons/Flat Icons [Free]/Free Flat Battery Smooth 3 Icon.png
  artifactKey: Guid(3695b77399e10b540a875e03221764f9) Importer(815301076,1909f56bfc062723c751e8b465ee728b)
Start importing Assets/Icons/Assets/UX/Icons/Flat Icons [Free]/Free Flat Battery Smooth 3 Icon.png using Guid(3695b77399e10b540a875e03221764f9) Importer(815301076,1909f56bfc062723c751e8b465ee728b)  -> (artifact id: '98323e218d76441a7e4ecff7fd24a4a9') in 0.023202 seconds 
========================================================================
Received Import Request.
  Time since last request: 0.000033 seconds.
  path: Assets/Icons/Assets/UX/Icons/Flat Icons [Free]/Free Flat Battery Tick 1 Icon.png
  artifactKey: Guid(2c2664dc6312ab641ac1abe6324ceca6) Importer(815301076,1909f56bfc062723c751e8b465ee728b)
Start importing Assets/Icons/Assets/UX/Icons/Flat Icons [Free]/Free Flat Battery Tick 1 Icon.png using Guid(2c2664dc6312ab641ac1abe6324ceca6) Importer(815301076,1909f56bfc062723c751e8b465ee728b)  -> (artifact id: '1c1572482b215ab62ea8394c0deb9d32') in 0.018616 seconds 
========================================================================
Received Import Request.
  Time since last request: 0.000028 seconds.
  path: Assets/Icons/Assets/UX/Icons/Flat Icons [Free]/Free Flat Arrow 6 W Icon.png
  artifactKey: Guid(42996e417f9065f41aa52609eeedc5be) Importer(815301076,1909f56bfc062723c751e8b465ee728b)
Start importing Assets/Icons/Assets/UX/Icons/Flat Icons [Free]/Free Flat Arrow 6 W Icon.png using Guid(42996e417f9065f41aa52609eeedc5be) Importer(815301076,1909f56bfc062723c751e8b465ee728b)  -> (artifact id: '4d635f5c5be18a8f9cdaebda697c637e') in 0.017969 seconds 
========================================================================
Received Import Request.
  Time since last request: 0.000022 seconds.
  path: Assets/Icons/Assets/UX/Icons/Flat Icons [Free]/Free Flat Border Double 1-2pt Icon.png
  artifactKey: Guid(92a6e63d8da7f3342b5c23c8da734580) Importer(815301076,1909f56bfc062723c751e8b465ee728b)
Start importing Assets/Icons/Assets/UX/Icons/Flat Icons [Free]/Free Flat Border Double 1-2pt Icon.png using Guid(92a6e63d8da7f3342b5c23c8da734580) Importer(815301076,1909f56bfc062723c751e8b465ee728b)  -> (artifact id: '580fe0d53b023e71536c0e9930de892f') in 0.015629 seconds 
========================================================================
Received Import Request.
  Time since last request: 0.000025 seconds.
  path: Assets/Icons/Assets/UX/Icons/Flat Icons [Free]/Free Flat Arrow 1 SW Icon.png
  artifactKey: Guid(5a459e69f1835a3478400adb5f1138f9) Importer(815301076,1909f56bfc062723c751e8b465ee728b)
Start importing Assets/Icons/Assets/UX/Icons/Flat Icons [Free]/Free Flat Arrow 1 SW Icon.png using Guid(5a459e69f1835a3478400adb5f1138f9) Importer(815301076,1909f56bfc062723c751e8b465ee728b)  -> (artifact id: '49b1cf7a96ab332c703c7a682ed14cbe') in 0.017245 seconds 
========================================================================
Received Import Request.
  Time since last request: 0.000027 seconds.
  path: Assets/Icons/Assets/UX/Icons/Flat Icons [Free]/Free Flat Arrow 3 N Icon.png
  artifactKey: Guid(301fe569da9047c4988d46c1707ea4e5) Importer(815301076,1909f56bfc062723c751e8b465ee728b)
Start importing Assets/Icons/Assets/UX/Icons/Flat Icons [Free]/Free Flat Arrow 3 N Icon.png using Guid(301fe569da9047c4988d46c1707ea4e5) Importer(815301076,1909f56bfc062723c751e8b465ee728b)  -> (artifact id: 'd99de71574316c239d23e09a2c3bd6a9') in 0.017749 seconds 
========================================================================
Received Import Request.
  Time since last request: 0.000030 seconds.
  path: Assets/Icons/Assets/UX/Icons/Flat Icons [Free]/Free Flat Arrow 6 NW Icon.png
  artifactKey: Guid(6525d93bdc5c93142a517c6f47ef8545) Importer(815301076,1909f56bfc062723c751e8b465ee728b)
Start importing Assets/Icons/Assets/UX/Icons/Flat Icons [Free]/Free Flat Arrow 6 NW Icon.png using Guid(6525d93bdc5c93142a517c6f47ef8545) Importer(815301076,1909f56bfc062723c751e8b465ee728b)  -> (artifact id: 'f25bc041b93813b1aecbf6b8524fbda9') in 0.017585 seconds 
========================================================================
Received Import Request.
  Time since last request: 0.000029 seconds.
  path: Assets/Icons/Assets/UX/Icons/Flat Icons [Free]/Free Flat Arrow 4 SE Icon.png
  artifactKey: Guid(fded679b004775649be3308f6cdd4ce1) Importer(815301076,1909f56bfc062723c751e8b465ee728b)
Start importing Assets/Icons/Assets/UX/Icons/Flat Icons [Free]/Free Flat Arrow 4 SE Icon.png using Guid(fded679b004775649be3308f6cdd4ce1) Importer(815301076,1909f56bfc062723c751e8b465ee728b)  -> (artifact id: '727f67f6e3b8c65138c85c0fe77d9a90') in 0.018561 seconds 
========================================================================
Received Import Request.
  Time since last request: 0.000022 seconds.
  path: Assets/Icons/Assets/UX/Icons/Flat Icons [Free]/Free Flat Arrow 2 S Icon.png
  artifactKey: Guid(3fcadb60666ffdc4ca5aaae842a00cb5) Importer(815301076,1909f56bfc062723c751e8b465ee728b)
Start importing Assets/Icons/Assets/UX/Icons/Flat Icons [Free]/Free Flat Arrow 2 S Icon.png using Guid(3fcadb60666ffdc4ca5aaae842a00cb5) Importer(815301076,1909f56bfc062723c751e8b465ee728b)  -> (artifact id: 'e0b55065ffb44993bc7550520ed63de1') in 0.019332 seconds 
========================================================================
Received Import Request.
  Time since last request: 0.000037 seconds.
  path: Assets/Icons/Assets/UX/Icons/Flat Icons [Free]/Free Flat Arrow 7 SW Icon.png
  artifactKey: Guid(f9d826ed2cdfb594b916ba79efd8ad7e) Importer(815301076,1909f56bfc062723c751e8b465ee728b)
Start importing Assets/Icons/Assets/UX/Icons/Flat Icons [Free]/Free Flat Arrow 7 SW Icon.png using Guid(f9d826ed2cdfb594b916ba79efd8ad7e) Importer(815301076,1909f56bfc062723c751e8b465ee728b)  -> (artifact id: 'ee28fe2dfeaa744b21656500cc3c3964') in 0.029472 seconds 
========================================================================
Received Import Request.
  Time since last request: 0.000030 seconds.
  path: Assets/Icons/Assets/UX/Icons/Flat Icons [Free]/Free Flat Arrow Curved Right 1 Icon.png
  artifactKey: Guid(b938362154adb7647b816e89388f2492) Importer(815301076,1909f56bfc062723c751e8b465ee728b)
Start importing Assets/Icons/Assets/UX/Icons/Flat Icons [Free]/Free Flat Arrow Curved Right 1 Icon.png using Guid(b938362154adb7647b816e89388f2492) Importer(815301076,1909f56bfc062723c751e8b465ee728b)  -> (artifact id: '0a8b67e7ef83dc7306711ed70d989253') in 0.017857 seconds 
========================================================================
Received Import Request.
  Time since last request: 0.000030 seconds.
  path: Assets/Icons/Assets/UX/Icons/Flat Icons [Free]/Free Flat Arrow 6 N Icon.png
  artifactKey: Guid(06f9cca2a215cad41966d4e9e9ff06f4) Importer(815301076,1909f56bfc062723c751e8b465ee728b)
Start importing Assets/Icons/Assets/UX/Icons/Flat Icons [Free]/Free Flat Arrow 6 N Icon.png using Guid(06f9cca2a215cad41966d4e9e9ff06f4) Importer(815301076,1909f56bfc062723c751e8b465ee728b)  -> (artifact id: 'af2bfd8d247f90e07436f84fdb55be52') in 0.017624 seconds 
========================================================================
Received Import Request.
  Time since last request: 8.259881 seconds.
  path: Assets/Icons/Assets/UX/Icons/Flat Icons [Free]/Free Flat People 4 Icon.png
  artifactKey: Guid(45a1cba1d3d949545a6edfcc72019549) Importer(815301076,1909f56bfc062723c751e8b465ee728b)
Start importing Assets/Icons/Assets/UX/Icons/Flat Icons [Free]/Free Flat People 4 Icon.png using Guid(45a1cba1d3d949545a6edfcc72019549) Importer(815301076,1909f56bfc062723c751e8b465ee728b)  -> (artifact id: '092593fb8b2ea2162e67aa8794735362') in 0.022431 seconds 
========================================================================
Received Import Request.
  Time since last request: 0.000028 seconds.
  path: Assets/Icons/Assets/UX/Icons/Flat Icons [Free]/Free Flat Signal Up 0 Icon.png
  artifactKey: Guid(a7244b18d2f1b32478166258108232f0) Importer(815301076,1909f56bfc062723c751e8b465ee728b)
Start importing Assets/Icons/Assets/UX/Icons/Flat Icons [Free]/Free Flat Signal Up 0 Icon.png using Guid(a7244b18d2f1b32478166258108232f0) Importer(815301076,1909f56bfc062723c751e8b465ee728b)  -> (artifact id: '8396b7dafd2809f2a9521a00f9c77986') in 0.021177 seconds 
========================================================================
Received Import Request.
  Time since last request: 0.000023 seconds.
  path: Assets/Icons/Assets/UX/Icons/Flat Icons [Free]/Free Flat Toggle Left Icon.png
  artifactKey: Guid(fdff4e51aa5b6a64287fb2f9a0b10bc0) Importer(815301076,1909f56bfc062723c751e8b465ee728b)
Start importing Assets/Icons/Assets/UX/Icons/Flat Icons [Free]/Free Flat Toggle Left Icon.png using Guid(fdff4e51aa5b6a64287fb2f9a0b10bc0) Importer(815301076,1909f56bfc062723c751e8b465ee728b)  -> (artifact id: '54190202339cb285faf2d6ca30abb05f') in 0.032436 seconds 
========================================================================
Received Import Request.
  Time since last request: 0.000056 seconds.
  path: Assets/Icons/Assets/UX/Icons/Flat Icons [Free]/Free Flat Toggle Cage Icon.png
  artifactKey: Guid(c94014c28c49aed4ab93b4d5bedad6a5) Importer(815301076,1909f56bfc062723c751e8b465ee728b)
Start importing Assets/Icons/Assets/UX/Icons/Flat Icons [Free]/Free Flat Toggle Cage Icon.png using Guid(c94014c28c49aed4ab93b4d5bedad6a5) Importer(815301076,1909f56bfc062723c751e8b465ee728b)  -> (artifact id: '55b04c5663c07d46f68c94ba4a6af64c') in 0.023453 seconds 
========================================================================
Received Import Request.
  Time since last request: 0.000022 seconds.
  path: Assets/Icons/Assets/UX/Icons/Flat Icons [Free]/Free Flat Upload Cloud Icon.png
  artifactKey: Guid(5a20439d7b6619c40a0ef94f13d18bc5) Importer(815301076,1909f56bfc062723c751e8b465ee728b)
Start importing Assets/Icons/Assets/UX/Icons/Flat Icons [Free]/Free Flat Upload Cloud Icon.png using Guid(5a20439d7b6619c40a0ef94f13d18bc5) Importer(815301076,1909f56bfc062723c751e8b465ee728b)  -> (artifact id: '72c56d76c1ce039aa161659b3fdd2941') in 0.020465 seconds 
========================================================================
Received Import Request.
  Time since last request: 0.000037 seconds.
  path: Assets/Icons/Assets/UX/Icons/Flat Icons [Free]/Free Flat Toggle Right Icon.png
  artifactKey: Guid(1023dc51a47ee2646b092add613fd71f) Importer(815301076,1909f56bfc062723c751e8b465ee728b)
Start importing Assets/Icons/Assets/UX/Icons/Flat Icons [Free]/Free Flat Toggle Right Icon.png using Guid(1023dc51a47ee2646b092add613fd71f) Importer(815301076,1909f56bfc062723c751e8b465ee728b)  -> (artifact id: '9067d6d6d1492dcf87cbc49f82f59f7d') in 0.021360 seconds 
========================================================================
Received Import Request.
  Time since last request: 0.000031 seconds.
  path: Assets/Icons/Assets/UX/Icons/Flat Icons [Free]/Free Flat Toggle Centre Icon.png
  artifactKey: Guid(da098e9c51c4f7d42bd00970713bfc95) Importer(815301076,1909f56bfc062723c751e8b465ee728b)
Start importing Assets/Icons/Assets/UX/Icons/Flat Icons [Free]/Free Flat Toggle Centre Icon.png using Guid(da098e9c51c4f7d42bd00970713bfc95) Importer(815301076,1909f56bfc062723c751e8b465ee728b)  -> (artifact id: 'd1a4f5898e8e1c76e5269c12b60672bf') in 0.019991 seconds 
========================================================================
Received Import Request.
  Time since last request: 0.000025 seconds.
  path: Assets/Icons/Assets/UX/Icons/Flat Icons [Free]/Free Flat Signal Up 011 Icon.png
  artifactKey: Guid(bbcbf804e83d1bd4ea93dbd6d941636e) Importer(815301076,1909f56bfc062723c751e8b465ee728b)
Start importing Assets/Icons/Assets/UX/Icons/Flat Icons [Free]/Free Flat Signal Up 011 Icon.png using Guid(bbcbf804e83d1bd4ea93dbd6d941636e) Importer(815301076,1909f56bfc062723c751e8b465ee728b)  -> (artifact id: '87548393d7616511986fbb93e5770bdd') in 0.018521 seconds 
========================================================================
Received Import Request.
  Time since last request: 0.000029 seconds.
  path: Assets/Icons/Assets/UX/Icons/Flat Icons [Free]/Free Flat Signal Up 2 Icon.png
  artifactKey: Guid(0eb838ecab1c6554cb140a94de6ce907) Importer(815301076,1909f56bfc062723c751e8b465ee728b)
Start importing Assets/Icons/Assets/UX/Icons/Flat Icons [Free]/Free Flat Signal Up 2 Icon.png using Guid(0eb838ecab1c6554cb140a94de6ce907) Importer(815301076,1909f56bfc062723c751e8b465ee728b)  -> (artifact id: 'fa87e9a4c8fff44f90156167722b0b3f') in 0.026944 seconds 
========================================================================
Received Import Request.
  Time since last request: 0.575120 seconds.
  path: Assets/Icons/Assets/UX/Icons/Flat Icons [Free]/Free Flat Mic Off Icon.png
  artifactKey: Guid(e4a9e167cc90cae43bb03120ccbe26ef) Importer(815301076,1909f56bfc062723c751e8b465ee728b)
Start importing Assets/Icons/Assets/UX/Icons/Flat Icons [Free]/Free Flat Mic Off Icon.png using Guid(e4a9e167cc90cae43bb03120ccbe26ef) Importer(815301076,1909f56bfc062723c751e8b465ee728b)  -> (artifact id: '7c02eafb8758950ef2dd3abe98993f44') in 0.019363 seconds 
========================================================================
Received Import Request.
  Time since last request: 0.000024 seconds.
  path: Assets/Icons/Assets/UX/Icons/Flat Icons [Free]/Free Flat Menu 8 Icon.png
  artifactKey: Guid(346e3b2dceb1a6c458d4271b170b3bd5) Importer(815301076,1909f56bfc062723c751e8b465ee728b)
Start importing Assets/Icons/Assets/UX/Icons/Flat Icons [Free]/Free Flat Menu 8 Icon.png using Guid(346e3b2dceb1a6c458d4271b170b3bd5) Importer(815301076,1909f56bfc062723c751e8b465ee728b)  -> (artifact id: 'f683f885919f4be933664ae397c8bb34') in 0.020806 seconds 
========================================================================
Received Import Request.
  Time since last request: 0.000024 seconds.
  path: Assets/Icons/Assets/UX/Icons/Flat Icons [Free]/Free Flat Mic Off Dash Icon.png
  artifactKey: Guid(c6a91fdbbdde167459002f1c9ca6b127) Importer(815301076,1909f56bfc062723c751e8b465ee728b)
Start importing Assets/Icons/Assets/UX/Icons/Flat Icons [Free]/Free Flat Mic Off Dash Icon.png using Guid(c6a91fdbbdde167459002f1c9ca6b127) Importer(815301076,1909f56bfc062723c751e8b465ee728b)  -> (artifact id: 'a12be377a75c784566e1b0d4d30dae60') in 0.022141 seconds 
========================================================================
Received Import Request.
  Time since last request: 0.000027 seconds.
  path: Assets/Icons/Assets/UX/Icons/Flat Icons [Free]/Free Flat Menu 2 Icon.png
  artifactKey: Guid(0e89f78e71f5979439b0c05bb022f87b) Importer(815301076,1909f56bfc062723c751e8b465ee728b)
Start importing Assets/Icons/Assets/UX/Icons/Flat Icons [Free]/Free Flat Menu 2 Icon.png using Guid(0e89f78e71f5979439b0c05bb022f87b) Importer(815301076,1909f56bfc062723c751e8b465ee728b)  -> (artifact id: '34a92bd3fb79a19150d7e17caee9db5f') in 0.019277 seconds 
========================================================================
Received Import Request.
  Time since last request: 0.000026 seconds.
  path: Assets/Icons/Assets/UX/Icons/Flat Icons [Free]/Free Flat Hat Split NW Icon.png
  artifactKey: Guid(0882a00e59f52a543800a1a52bbba249) Importer(815301076,1909f56bfc062723c751e8b465ee728b)
Start importing Assets/Icons/Assets/UX/Icons/Flat Icons [Free]/Free Flat Hat Split NW Icon.png using Guid(0882a00e59f52a543800a1a52bbba249) Importer(815301076,1909f56bfc062723c751e8b465ee728b)  -> (artifact id: 'a076ac6bbd7d5c76f256d71c49e743c1') in 0.021220 seconds 
========================================================================
Received Import Request.
  Time since last request: 0.000029 seconds.
  path: Assets/Icons/Assets/UX/Icons/Flat Icons [Free]/Free Flat Hat Split NS Icon.png
  artifactKey: Guid(5fbdf9d5c02a7c8488bf88d69359eb3d) Importer(815301076,1909f56bfc062723c751e8b465ee728b)
Start importing Assets/Icons/Assets/UX/Icons/Flat Icons [Free]/Free Flat Hat Split NS Icon.png using Guid(5fbdf9d5c02a7c8488bf88d69359eb3d) Importer(815301076,1909f56bfc062723c751e8b465ee728b)  -> (artifact id: 'f571aa081a47de20c07be583c2779768') in 0.020652 seconds 
========================================================================
Received Import Request.
  Time since last request: 0.000023 seconds.
  path: Assets/Icons/Assets/UX/Icons/Flat Icons [Free]/Free Flat Media Left Full Icon.png
  artifactKey: Guid(384f096438e6ce64d8d0ce0cc29739c5) Importer(815301076,1909f56bfc062723c751e8b465ee728b)
Start importing Assets/Icons/Assets/UX/Icons/Flat Icons [Free]/Free Flat Media Left Full Icon.png using Guid(384f096438e6ce64d8d0ce0cc29739c5) Importer(815301076,1909f56bfc062723c751e8b465ee728b)  -> (artifact id: '72e1cb300bf354a1321d03ae739279b0') in 0.022020 seconds 
========================================================================
Received Import Request.
  Time since last request: 0.000028 seconds.
  path: Assets/Icons/Assets/UX/Icons/Flat Icons [Free]/Free Flat Music No Icon.png
  artifactKey: Guid(a631e872ceb8c434ead7ead22b772b24) Importer(815301076,1909f56bfc062723c751e8b465ee728b)
Start importing Assets/Icons/Assets/UX/Icons/Flat Icons [Free]/Free Flat Music No Icon.png using Guid(a631e872ceb8c434ead7ead22b772b24) Importer(815301076,1909f56bfc062723c751e8b465ee728b)  -> (artifact id: 'cc05a1265c03fe96067a1b0c899ad606') in 0.020495 seconds 
========================================================================
Received Import Request.
  Time since last request: 0.000023 seconds.
  path: Assets/Icons/Assets/UX/Icons/Flat Icons [Free]/Free Flat Home Icon.png
  artifactKey: Guid(2776e7415ee80d54b8ba0b71a8f22d19) Importer(815301076,1909f56bfc062723c751e8b465ee728b)
Start importing Assets/Icons/Assets/UX/Icons/Flat Icons [Free]/Free Flat Home Icon.png using Guid(2776e7415ee80d54b8ba0b71a8f22d19) Importer(815301076,1909f56bfc062723c751e8b465ee728b)  -> (artifact id: '7a60460c10af3e157eab1f891b458d6a') in 0.030477 seconds 
========================================================================
Received Import Request.
  Time since last request: 0.000020 seconds.
  path: Assets/Icons/Assets/UX/Icons/Flat Icons [Free]/Free Flat Move Out Icon.png
  artifactKey: Guid(27e3504e0ecab4f478e174d2f4f4be75) Importer(815301076,1909f56bfc062723c751e8b465ee728b)
Start importing Assets/Icons/Assets/UX/Icons/Flat Icons [Free]/Free Flat Move Out Icon.png using Guid(27e3504e0ecab4f478e174d2f4f4be75) Importer(815301076,1909f56bfc062723c751e8b465ee728b)  -> (artifact id: 'c64eee51300dee21b590c22094cb5cc0') in 0.018546 seconds 
========================================================================
Received Import Request.
  Time since last request: 0.000027 seconds.
  path: Assets/Icons/Assets/UX/Icons/Flat Icons [Free]/Free Flat Menu 9 Icon.png
  artifactKey: Guid(c53a8d00e4c3bb34998868ca02b1cd74) Importer(815301076,1909f56bfc062723c751e8b465ee728b)
Start importing Assets/Icons/Assets/UX/Icons/Flat Icons [Free]/Free Flat Menu 9 Icon.png using Guid(c53a8d00e4c3bb34998868ca02b1cd74) Importer(815301076,1909f56bfc062723c751e8b465ee728b)  -> (artifact id: 'd6406fbc18ec98d66b3ad91748c70735') in 0.019479 seconds 
========================================================================
Received Import Request.
  Time since last request: 0.000027 seconds.
  path: Assets/Icons/Assets/UX/Icons/Flat Icons [Free]/Free Flat Mic Icon.png
  artifactKey: Guid(f2f9800a1d8f6624db87fcc401513e95) Importer(815301076,1909f56bfc062723c751e8b465ee728b)
Start importing Assets/Icons/Assets/UX/Icons/Flat Icons [Free]/Free Flat Mic Icon.png using Guid(f2f9800a1d8f6624db87fcc401513e95) Importer(815301076,1909f56bfc062723c751e8b465ee728b)  -> (artifact id: '2ed1310f02c3dcf6b6ff99eed9c27f3f') in 0.020051 seconds 
========================================================================
Received Import Request.
  Time since last request: 0.000042 seconds.
  path: Assets/Icons/Assets/UX/Icons/Flat Icons [Free]/Free Flat Media Right Icon.png
  artifactKey: Guid(6523bf926843dbb4e979cedb7370c43e) Importer(815301076,1909f56bfc062723c751e8b465ee728b)
Start importing Assets/Icons/Assets/UX/Icons/Flat Icons [Free]/Free Flat Media Right Icon.png using Guid(6523bf926843dbb4e979cedb7370c43e) Importer(815301076,1909f56bfc062723c751e8b465ee728b)  -> (artifact id: '60617639767842da1897cd71b35be711') in 0.017788 seconds 
========================================================================
Received Import Request.
  Time since last request: 0.000022 seconds.
  path: Assets/Icons/Assets/UX/Icons/Flat Icons [Free]/Free Flat Media Stop Icon.png
  artifactKey: Guid(7d0e2c51f326f034bb2ac5081607bc85) Importer(815301076,1909f56bfc062723c751e8b465ee728b)
Start importing Assets/Icons/Assets/UX/Icons/Flat Icons [Free]/Free Flat Media Stop Icon.png using Guid(7d0e2c51f326f034bb2ac5081607bc85) Importer(815301076,1909f56bfc062723c751e8b465ee728b)  -> (artifact id: '4bee16eae979d93fca6d07664e67e052') in 0.018672 seconds 
========================================================================
Received Import Request.
  Time since last request: 0.676774 seconds.
  path: Assets/Icons/Assets/UX/Icons/Flat Icons [Free]/Free Flat Hat Solid S Icon.png
  artifactKey: Guid(90f33ae65fc362b438a11b10ef464599) Importer(815301076,1909f56bfc062723c751e8b465ee728b)
Start importing Assets/Icons/Assets/UX/Icons/Flat Icons [Free]/Free Flat Hat Solid S Icon.png using Guid(90f33ae65fc362b438a11b10ef464599) Importer(815301076,1909f56bfc062723c751e8b465ee728b)  -> (artifact id: 'fe34a5966208c20bd8c55beb8de330e7') in 0.020845 seconds 
========================================================================
Received Import Request.
  Time since last request: 0.000022 seconds.
  path: Assets/Icons/Assets/UX/Icons/Flat Icons [Free]/Free Flat Gradient Vertical (Top) Icon.png
  artifactKey: Guid(2c95e0623afa9ee4fa6d3c2920292e59) Importer(815301076,1909f56bfc062723c751e8b465ee728b)
Start importing Assets/Icons/Assets/UX/Icons/Flat Icons [Free]/Free Flat Gradient Vertical (Top) Icon.png using Guid(2c95e0623afa9ee4fa6d3c2920292e59) Importer(815301076,1909f56bfc062723c751e8b465ee728b)  -> (artifact id: '687dd6d7cee85c8fd0acbe0f6745143c') in 0.018345 seconds 
========================================================================
Received Import Request.
  Time since last request: 0.000027 seconds.
  path: Assets/Icons/Assets/UX/Icons/Flat Icons [Free]/Free Flat Hat Split NESW Icon.png
  artifactKey: Guid(00b091dc7bf12c342b2fb878622f1dac) Importer(815301076,1909f56bfc062723c751e8b465ee728b)
Start importing Assets/Icons/Assets/UX/Icons/Flat Icons [Free]/Free Flat Hat Split NESW Icon.png using Guid(00b091dc7bf12c342b2fb878622f1dac) Importer(815301076,1909f56bfc062723c751e8b465ee728b)  -> (artifact id: '1d3ecccc9e0123892602bf52850e433a') in 0.019421 seconds 
========================================================================
Received Import Request.
  Time since last request: 0.000023 seconds.
  path: Assets/Icons/Assets/UX/Icons/Flat Icons [Free]/Free Flat Gradient Circle (Left) Icon.png
  artifactKey: Guid(eb947f65937e82c47a6d1c17463829da) Importer(815301076,1909f56bfc062723c751e8b465ee728b)
Start importing Assets/Icons/Assets/UX/Icons/Flat Icons [Free]/Free Flat Gradient Circle (Left) Icon.png using Guid(eb947f65937e82c47a6d1c17463829da) Importer(815301076,1909f56bfc062723c751e8b465ee728b)  -> (artifact id: '2b79b7d4624136abcb009fa2b351e6d1') in 0.021073 seconds 
========================================================================
Received Import Request.
  Time since last request: 0.000029 seconds.
  path: Assets/Icons/Assets/UX/Icons/Flat Icons [Free]/Free Flat Disk 4 Icon.png
  artifactKey: Guid(d59ff638a09b0b84184c5dd3bdd73e5f) Importer(815301076,1909f56bfc062723c751e8b465ee728b)
Start importing Assets/Icons/Assets/UX/Icons/Flat Icons [Free]/Free Flat Disk 4 Icon.png using Guid(d59ff638a09b0b84184c5dd3bdd73e5f) Importer(815301076,1909f56bfc062723c751e8b465ee728b)  -> (artifact id: 'd6fc47aa0d2f293eb559991080ae3eb4') in 0.020602 seconds 
========================================================================
Received Import Request.
  Time since last request: 0.000030 seconds.
  path: Assets/Icons/Assets/UX/Icons/Flat Icons [Free]/Free Flat Exit Door Icon.png
  artifactKey: Guid(b1b7bca5eb410a54a82c3d0e0173e568) Importer(815301076,1909f56bfc062723c751e8b465ee728b)
Start importing Assets/Icons/Assets/UX/Icons/Flat Icons [Free]/Free Flat Exit Door Icon.png using Guid(b1b7bca5eb410a54a82c3d0e0173e568) Importer(815301076,1909f56bfc062723c751e8b465ee728b)  -> (artifact id: '6d0324b6a24e204487dd3b1f59bc2ab2') in 0.029958 seconds 
========================================================================
Received Import Request.
  Time since last request: 0.000031 seconds.
  path: Assets/Icons/Assets/UX/Icons/Flat Icons [Free]/Free Flat Hat Split Blank Icon.png
  artifactKey: Guid(91e3f51b2db613346a2e4c0f13d4dc7d) Importer(815301076,1909f56bfc062723c751e8b465ee728b)
Start importing Assets/Icons/Assets/UX/Icons/Flat Icons [Free]/Free Flat Hat Split Blank Icon.png using Guid(91e3f51b2db613346a2e4c0f13d4dc7d) Importer(815301076,1909f56bfc062723c751e8b465ee728b)  -> (artifact id: 'd6dbcdeb7d5cd004a7b2e89e3990b157') in 0.022796 seconds 
========================================================================
Received Import Request.
  Time since last request: 0.000034 seconds.
  path: Assets/Icons/Assets/UX/Icons/Flat Icons [Free]/Free Flat Hat Split N Icon.png
  artifactKey: Guid(f49975360a7f21c488118ad3121430d6) Importer(815301076,1909f56bfc062723c751e8b465ee728b)
Start importing Assets/Icons/Assets/UX/Icons/Flat Icons [Free]/Free Flat Hat Split N Icon.png using Guid(f49975360a7f21c488118ad3121430d6) Importer(815301076,1909f56bfc062723c751e8b465ee728b)  -> (artifact id: 'cf3e5f0b10bf9dbf43e4d361d214f42e') in 0.018443 seconds 
========================================================================
Received Import Request.
  Time since last request: 0.000031 seconds.
  path: Assets/Icons/Assets/UX/Icons/Flat Icons [Free]/Free Flat Hat Split EW Icon.png
  artifactKey: Guid(d1cf728dc5f8f1146bbdb20b1d77e043) Importer(815301076,1909f56bfc062723c751e8b465ee728b)
Start importing Assets/Icons/Assets/UX/Icons/Flat Icons [Free]/Free Flat Hat Split EW Icon.png using Guid(d1cf728dc5f8f1146bbdb20b1d77e043) Importer(815301076,1909f56bfc062723c751e8b465ee728b)  -> (artifact id: 'efe6147ec1f803fdd374b764bcee37a7') in 0.017794 seconds 
========================================================================
Received Import Request.
  Time since last request: 0.000030 seconds.
  path: Assets/Icons/Assets/UX/Icons/Flat Icons [Free]/Free Flat Connection 2 Icon.png
  artifactKey: Guid(5d52258ac0c672b4696b3d924f44d149) Importer(815301076,1909f56bfc062723c751e8b465ee728b)
Start importing Assets/Icons/Assets/UX/Icons/Flat Icons [Free]/Free Flat Connection 2 Icon.png using Guid(5d52258ac0c672b4696b3d924f44d149) Importer(815301076,1909f56bfc062723c751e8b465ee728b)  -> (artifact id: '53c3d18f656a4f179a3e75ec5a967dc5') in 0.019112 seconds 
========================================================================
Received Import Request.
  Time since last request: 0.000031 seconds.
  path: Assets/Icons/Assets/UX/Icons/Flat Icons [Free]/Free Flat Gear 3 Icon.png
  artifactKey: Guid(4cc60f0142748304ca70d11a2ce32203) Importer(815301076,1909f56bfc062723c751e8b465ee728b)
Start importing Assets/Icons/Assets/UX/Icons/Flat Icons [Free]/Free Flat Gear 3 Icon.png using Guid(4cc60f0142748304ca70d11a2ce32203) Importer(815301076,1909f56bfc062723c751e8b465ee728b)  -> (artifact id: 'f3473d725837715dbfd1d69fe6c5329d') in 0.020123 seconds 
========================================================================
Received Import Request.
  Time since last request: 0.000028 seconds.
  path: Assets/Icons/Assets/UX/Icons/Flat Icons [Free]/Free Flat Gradient Circle (Right) Icon.png
  artifactKey: Guid(672d6696a008164478c0ffb9ceee46bc) Importer(815301076,1909f56bfc062723c751e8b465ee728b)
Start importing Assets/Icons/Assets/UX/Icons/Flat Icons [Free]/Free Flat Gradient Circle (Right) Icon.png using Guid(672d6696a008164478c0ffb9ceee46bc) Importer(815301076,1909f56bfc062723c751e8b465ee728b)  -> (artifact id: '7f1e625bd2a6a27ea220094807d4a5c0') in 0.017057 seconds 
========================================================================
Received Import Request.
  Time since last request: 0.000030 seconds.
  path: Assets/Icons/Assets/UX/Icons/Flat Icons [Free]/Free Flat Hat Split ENW Icon.png
  artifactKey: Guid(379bea2ed4d8a5045b698b8f260be4e3) Importer(815301076,1909f56bfc062723c751e8b465ee728b)
Start importing Assets/Icons/Assets/UX/Icons/Flat Icons [Free]/Free Flat Hat Split ENW Icon.png using Guid(379bea2ed4d8a5045b698b8f260be4e3) Importer(815301076,1909f56bfc062723c751e8b465ee728b)  -> (artifact id: 'fba1dbb8e342b15f09c132e5516e39d2') in 0.019178 seconds 
========================================================================
Received Import Request.
  Time since last request: 0.000039 seconds.
  path: Assets/Icons/Assets/UX/Icons/Flat Icons [Free]/Free Flat Hat Solid ENW Icon.png
  artifactKey: Guid(4ad0bc8bc8bb92648a4dd9f7c65814d0) Importer(815301076,1909f56bfc062723c751e8b465ee728b)
Start importing Assets/Icons/Assets/UX/Icons/Flat Icons [Free]/Free Flat Hat Solid ENW Icon.png using Guid(4ad0bc8bc8bb92648a4dd9f7c65814d0) Importer(815301076,1909f56bfc062723c751e8b465ee728b)  -> (artifact id: '629cb9acb9d5c73da9f3ef4220fea8b9') in 0.019193 seconds 
Editor requested this worker to shutdown with reason: Scaling down because of idle timeout
AssetImportWorker is now disconnected from the server
Process exiting
Exiting without the bug reporter. Application will terminate with return code 0